#
# There is insufficient memory for the Java Runtime Environment to continue.
# Native memory allocation (mmap) failed to map 268435456 bytes for G1 virtual space
# Possible reasons:
#   The system is out of physical RAM or swap space
#   The process is running with CompressedOops enabled, and the Java Heap may be blocking the growth of the native heap
# Possible solutions:
#   Reduce memory load on the system
#   Increase physical memory or swap space
#   Check if swap backing store is full
#   Decrease Java heap size (-Xmx/-Xms)
#   Decrease number of Java threads
#   Decrease Java thread stack sizes (-Xss)
#   Set larger code cache with -XX:ReservedCodeCacheSize=
#   JVM is running with Zero Based Compressed Oops mode in which the Java heap is
#     placed in the first 32GB address space. The Java Heap base address is the
#     maximum limit for the native heap growth. Please use -XX:HeapBaseMinAddress
#     to set the Java Heap base and to place the Java Heap above 32GB virtual address.
# This output file may be truncated or incomplete.
#
#  Out of Memory Error (os_windows.cpp:3600), pid=30036, tid=32600
#
# JRE version:  (21.0.2+13) (build )
# Java VM: Java HotSpot(TM) 64-Bit Server VM (21.0.2+13-LTS-58, mixed mode, sharing, tiered, compressed oops, compressed class ptrs, g1 gc, windows-amd64)
# No core dump will be written. Minidumps are not enabled by default on client versions of Windows
#

---------------  S U M M A R Y ------------

Command Line: -Dnet.bytebuddy.agent.attacher.dump= net.bytebuddy.agent.Attacher com.sun.tools.attach.VirtualMachine 10676 C:\Users\TICS03\.gradle\caches\modules-2\files-2.1\net.bytebuddy\byte-buddy-agent\1.17.8\f09415827a71be7ed621c7bd02550678f28bc81c\byte-buddy-agent-1.17.8.jar false 

Host: Intel(R) Core(TM) i5-8250U CPU @ 1.60GHz, 8 cores, 15G,  Windows 11 , 64 bit Build 26100 (10.0.26100.7019)
Time: Thu Dec 18 15:07:37 2025 Hora estándar central (México) elapsed time: 0.015911 seconds (0d 0h 0m 0s)

---------------  T H R E A D  ---------------

Current thread (0x000002a4250724c0):  JavaThread "Unknown thread" [_thread_in_vm, id=32600, stack(0x000000fdbfb00000,0x000000fdbfc00000) (1024K)]

Stack: [0x000000fdbfb00000,0x000000fdbfc00000]
Native frames: (J=compiled Java code, j=interpreted, Vv=VM code, C=native code)
V  [jvm.dll+0x6cade9]
V  [jvm.dll+0x8569c1]
V  [jvm.dll+0x858d2e]
V  [jvm.dll+0x859413]
V  [jvm.dll+0x280e56]
V  [jvm.dll+0x6c74d5]
V  [jvm.dll+0x6bbeca]
V  [jvm.dll+0x355bca]
V  [jvm.dll+0x35d816]
V  [jvm.dll+0x3ae67e]
V  [jvm.dll+0x3ae928]
V  [jvm.dll+0x3295dc]
V  [jvm.dll+0x32a16b]
V  [jvm.dll+0x81efa9]
V  [jvm.dll+0x3bba01]
V  [jvm.dll+0x807928]
V  [jvm.dll+0x44f50e]
V  [jvm.dll+0x450e11]
C  [jli.dll+0x52a3]
C  [ucrtbase.dll+0x37b0]
C  [KERNEL32.DLL+0x2e8d7]
C  [ntdll.dll+0x8c53c]


---------------  P R O C E S S  ---------------

Threads class SMR info:
_java_thread_list=0x00007ff9f619bb88, length=0, elements={
}

Java Threads: ( => current thread )
Total: 0

Other Threads:
  0x000002a42731ed10 WorkerThread "GC Thread#0"                     [id=16364, stack(0x000000fdbfc00000,0x000000fdbfd00000) (1024K)]
  0x000002a4273314f0 ConcurrentGCThread "G1 Main Marker"            [id=28076, stack(0x000000fdbfd00000,0x000000fdbfe00000) (1024K)]
  0x000002a427333bc0 WorkerThread "G1 Conc#0"                       [id=27228, stack(0x000000fdbfe00000,0x000000fdbff00000) (1024K)]

[error occurred during error reporting (printing all threads), id 0xc0000005, EXCEPTION_ACCESS_VIOLATION (0xc0000005) at pc=0x00007ff9f590c6a7]
VM state: not at safepoint (not fully initialized)

VM Mutex/Monitor currently owned by a thread:  ([mutex/lock_event])
[0x00007ff9f620ce68] Heap_lock - owner thread: 0x000002a4250724c0

Heap address: 0x0000000701800000, size: 4072 MB, Compressed Oops mode: Zero based, Oop shift amount: 3

CDS archive(s) mapped at: [0x0000000000000000-0x0000000000000000-0x0000000000000000), size 0, SharedBaseAddress: 0x0000000800000000, ArchiveRelocationMode: 1.
Narrow klass base: 0x0000000000000000, Narrow klass shift: 0, Narrow klass range: 0x0

GC Precious Log:
 CardTable entry size: 512
 Card Set container configuration: InlinePtr #cards 4 size 8 Array Of Cards #cards 16 size 48 Howl #buckets 8 coarsen threshold 3686 Howl Bitmap #cards 512 size 80 coarsen threshold 460 Card regions per heap region 1 cards per card region 4096

Heap:
 garbage-first heap   total 0K, used 0K [0x0000000701800000, 0x0000000800000000)
  region size 2048K, 0 young (0K), 0 survivors (0K)

[error occurred during error reporting (printing heap information), id 0xc0000005, EXCEPTION_ACCESS_VIOLATION (0xc0000005) at pc=0x00007ff9f5cf39f9]
GC Heap History (0 events):
No events

Dll operation events (1 events):
Event: 0.009 Loaded shared library C:\Program Files\Java\jdk-21\bin\java.dll

Deoptimization events (0 events):
No events

Classes loaded (0 events):
No events

Classes unloaded (0 events):
No events

Classes redefined (0 events):
No events

Internal exceptions (0 events):
No events

ZGC Phase Switch (0 events):
No events

VM Operations (0 events):
No events

Events (0 events):
No events


Dynamic libraries:
0x00007ff7ebc80000 - 0x00007ff7ebc90000 	C:\Program Files\Java\jdk-21\bin\java.exe
0x00007ffa73220000 - 0x00007ffa73488000 	C:\WINDOWS\SYSTEM32\ntdll.dll
0x00007ffa70fc0000 - 0x00007ffa71089000 	C:\WINDOWS\System32\KERNEL32.DLL
0x00007ffa70790000 - 0x00007ffa70b88000 	C:\WINDOWS\System32\KERNELBASE.dll
0x00007ffa70d90000 - 0x00007ffa70edb000 	C:\WINDOWS\System32\ucrtbase.dll
0x00007ffa6a350000 - 0x00007ffa6a369000 	C:\Program Files\Java\jdk-21\bin\jli.dll
0x00007ffa69910000 - 0x00007ffa6992b000 	C:\Program Files\Java\jdk-21\bin\VCRUNTIME140.dll
0x00007ffa71e90000 - 0x00007ffa71f44000 	C:\WINDOWS\System32\ADVAPI32.dll
0x00007ffa72df0000 - 0x00007ffa72e99000 	C:\WINDOWS\System32\msvcrt.dll
0x00007ffa723e0000 - 0x00007ffa72486000 	C:\WINDOWS\System32\sechost.dll
0x00007ffa730b0000 - 0x00007ffa731c8000 	C:\WINDOWS\System32\RPCRT4.dll
0x00007ffa716c0000 - 0x00007ffa71887000 	C:\WINDOWS\System32\USER32.dll
0x00007ffa5d080000 - 0x00007ffa5d314000 	C:\WINDOWS\WinSxS\amd64_microsoft.windows.common-controls_6595b64144ccf1df_6.0.26100.7019_none_3e06ffa0e335b8a8\COMCTL32.dll
0x00007ffa70f90000 - 0x00007ffa70fb7000 	C:\WINDOWS\System32\win32u.dll
0x00007ffa71090000 - 0x00007ffa710bb000 	C:\WINDOWS\System32\GDI32.dll
0x00007ffa70420000 - 0x00007ffa7054c000 	C:\WINDOWS\System32\gdi32full.dll
0x00007ffa69e20000 - 0x00007ffa69e2b000 	C:\WINDOWS\SYSTEM32\VERSION.dll
0x00007ffa70370000 - 0x00007ffa70413000 	C:\WINDOWS\System32\msvcp_win.dll
0x00007ffa72110000 - 0x00007ffa72141000 	C:\WINDOWS\System32\IMM32.DLL
0x00007ffa6b200000 - 0x00007ffa6b20c000 	C:\Program Files\Java\jdk-21\bin\vcruntime140_1.dll
0x00007ffa46360000 - 0x00007ffa463ee000 	C:\Program Files\Java\jdk-21\bin\msvcp140.dll
0x00007ff9f55d0000 - 0x00007ff9f62e7000 	C:\Program Files\Java\jdk-21\bin\server\jvm.dll
0x00007ffa718a0000 - 0x00007ffa71914000 	C:\WINDOWS\System32\WS2_32.dll
0x00007ffa701d0000 - 0x00007ffa7022e000 	C:\WINDOWS\SYSTEM32\POWRPROF.dll
0x00007ffa5fef0000 - 0x00007ffa5ff25000 	C:\WINDOWS\SYSTEM32\WINMM.dll
0x00007ffa701b0000 - 0x00007ffa701c4000 	C:\WINDOWS\SYSTEM32\UMPDC.dll
0x00007ffa6f0f0000 - 0x00007ffa6f10b000 	C:\WINDOWS\SYSTEM32\kernel.appcore.dll
0x00007ffa6a850000 - 0x00007ffa6a85a000 	C:\Program Files\Java\jdk-21\bin\jimage.dll
0x00007ffa6dcf0000 - 0x00007ffa6df32000 	C:\WINDOWS\SYSTEM32\DBGHELP.DLL
0x00007ffa71920000 - 0x00007ffa71cab000 	C:\WINDOWS\System32\combase.dll
0x00007ffa72300000 - 0x00007ffa723d7000 	C:\WINDOWS\System32\OLEAUT32.dll
0x00007ffa5c8b0000 - 0x00007ffa5c8ec000 	C:\WINDOWS\SYSTEM32\dbgcore.DLL
0x00007ffa70ee0000 - 0x00007ffa70f85000 	C:\WINDOWS\System32\bcryptPrimitives.dll
0x00007ffa68060000 - 0x00007ffa6807f000 	C:\Program Files\Java\jdk-21\bin\java.dll

dbghelp: loaded successfully - version: 4.0.5 - missing functions: none
symbol engine: initialized successfully - sym options: 0x614 - pdb path: .;C:\Program Files\Java\jdk-21\bin;C:\WINDOWS\SYSTEM32;C:\WINDOWS\WinSxS\amd64_microsoft.windows.common-controls_6595b64144ccf1df_6.0.26100.7019_none_3e06ffa0e335b8a8;C:\Program Files\Java\jdk-21\bin\server

VM Arguments:
jvm_args: -Dnet.bytebuddy.agent.attacher.dump= 
java_command: net.bytebuddy.agent.Attacher com.sun.tools.attach.VirtualMachine 10676 C:\Users\TICS03\.gradle\caches\modules-2\files-2.1\net.bytebuddy\byte-buddy-agent\1.17.8\f09415827a71be7ed621c7bd02550678f28bc81c\byte-buddy-agent-1.17.8.jar false 
java_class_path (initial): C:\Users\TICS03\.gradle\caches\modules-2\files-2.1\net.bytebuddy\byte-buddy-agent\1.17.8\f09415827a71be7ed621c7bd02550678f28bc81c\byte-buddy-agent-1.17.8.jar
Launcher Type: SUN_STANDARD

[Global flags]
     intx CICompilerCount                          = 4                                         {product} {ergonomic}
     uint ConcGCThreads                            = 2                                         {product} {ergonomic}
     uint G1ConcRefinementThreads                  = 8                                         {product} {ergonomic}
   size_t G1HeapRegionSize                         = 2097152                                   {product} {ergonomic}
    uintx GCDrainStackTargetSize                   = 64                                        {product} {ergonomic}
   size_t InitialHeapSize                          = 268435456                                 {product} {ergonomic}
   size_t MarkStackSize                            = 4194304                                   {product} {ergonomic}
   size_t MaxHeapSize                              = 4269801472                                {product} {ergonomic}
   size_t MinHeapDeltaBytes                        = 2097152                                   {product} {ergonomic}
   size_t MinHeapSize                              = 8388608                                   {product} {ergonomic}
    uintx NonNMethodCodeHeapSize                   = 5839372                                {pd product} {ergonomic}
    uintx NonProfiledCodeHeapSize                  = 122909434                              {pd product} {ergonomic}
    uintx ProfiledCodeHeapSize                     = 122909434                              {pd product} {ergonomic}
    uintx ReservedCodeCacheSize                    = 251658240                              {pd product} {ergonomic}
     bool SegmentedCodeCache                       = true                                      {product} {ergonomic}
   size_t SoftMaxHeapSize                          = 4269801472                             {manageable} {ergonomic}
     bool UseCompressedOops                        = true                           {product lp64_product} {ergonomic}
     bool UseG1GC                                  = true                                      {product} {ergonomic}
     bool UseLargePagesIndividualAllocation        = false                                  {pd product} {ergonomic}

Logging:
Log output configuration:
 #0: stdout all=warning uptime,level,tags foldmultilines=false
 #1: stderr all=off uptime,level,tags foldmultilines=false

Environment Variables:
JAVA_HOME=C:\Program Files\Java\jdk-21
PATH=C:\Program Files (x86)\Siemens\Automation\SCADA-RT_V11\WinCC\Bin;C:\Program Files\Common Files\Siemens\Automation\Simatic OAM\bin;C:\Program Files (x86)\Common Files\Siemens\Bin;C:\Program Files (x86)\Common Files\Siemens\CommonArchiving;C:\Program Files (x86)\Common Files\Siemens\ACE\Bin;C:\Python313;C:\Python313\Scripts;C:\Users\TICS03\AppData\Roaming\Python\Python313\Scripts;C:\Program Files\PostgreSQL\17\bin;C:\Program Files\Java\jdk-21\bin;C:\Program Files (x86)\Common Files\Oracle\Java\javapath;C:\Program Files\Common Files\Oracle\Java\javapath;C:\WINDOWS\system32;C:\WINDOWS;C:\WINDOWS\System32\Wbem;C:\WINDOWS\System32\WindowsPowerShell\v1.0;C:\WINDOWS\System32\OpenSSH\;C:\Program Files\MongoDB\Server\4.2\bin;C:\Users\TICS03\AppData\Local\Programs\Python\Python38-32;c:\Program Files (x86)\Intel\Intel(R) Management Engine Components\DAL;c:\Program Files\Intel\Intel(R) Management Engine Components\DAL;C:\Program Files\dotnet;C:\xampp\php;C:\ProgramData\ComposerSetup\bin;C:\xampp\mysql\bin;C:\Program Files\GNU Octave\Octave-7.2.0\mingw64\bin;C:\Program Files\PuTTY\;C:\Program Files\Git\cmd;C:\flutter\bin;C:\WINDOWS\system32;C:\WINDOWS;C:\WINDOWS\System32\Wbem;C:\WINDOWS\System32\WindowsPowerShell\v1.0\;C:\WINDOWS\System32\OpenSSH\;C:\apache-maven-3.9.4\bin;C:\ProgramData\chocolatey\bin;C:\Program Files (x86)\HP\Common\HPDestPlgIn\;C:\Program Files\gs\gs10.04.0\bin;C:\Program Files\nodejs\;C:\Users\TICS03\AppData\Local\Android\Sdk\platform-tools;C:\Program Files (x86)\Windows Kits\10\Windows Performance Toolkit\;C:\Program Files\Microsoft SQL Server\Client SDK\ODBC\130\Tools\Binn\;C:\Program Files (x86)\Microsoft SQL Server\130\Tools\Binn\;C:\Program Files\Microsoft SQL Server\130\Tools\Binn\;C:\Program Files\Microsoft SQL Server\130\DTS\Binn\;C:\Program Files (x86)\Siemens\Automation\SCADA-RT_V11\WinCC\Interfaces;C:\Program Files (x86)\Common Files\Siemens\;C:\Program Files (x86)\Common Files\Siemens\Interfaces;C:\Program Files (x86)\Common Files\Siemens\ACE\Interfaces;C:\Program Files\Go\bin;C:\Program Files\Docker\Docker\resources\bin;C:\famontecillo\Devel_tools\bin;C:\Users\TICS03\anaconda3\Scripts;C:\Users\TICS03\AppData\Local\Microsoft\WindowsApps;C:\Users\TICS03\AppData\Local\Programs\Microsoft VS Code\bin;C:\Users\TICS03\AppData\Local\Programs\Python\Python38-32;C:\Users\TICS03\.dotnet\tools;C:\Users\TICS03\AppData\Roaming\Composer\vendor\bin;C:\Program Files\JetBrains\IntelliJ IDEA Community Edition 2022.2.3\bin;C:\Users\TICS03\AppData\Local\Programs\MiKTeX\miktex\bin\x64\;C:\Program Files (x86)\HP\Common\HPDestPlgIn\;C:\Users\TICS03\AppData\Local\Muse Hub\lib;C:\Users\TICS03\AppData\Roaming\npm;C:\Program Files (x86)\Nmap;C:\Users\TICS03\AppData\Local\Microsoft\WindowsApps;C:\Users\TICS03\AppData\Local\Programs\Hyper\resources\bin;C:\Users\TICS03\.dotnet\tools;C:\Program Files (x86)\GnuPG\bin;C:\Users\TICS03\go\bin;C:\famontecillo\Devel_tools\helm-v4.0.2-windows-amd64;
USERNAME=TICS03
OS=Windows_NT
PROCESSOR_IDENTIFIER=Intel64 Family 6 Model 142 Stepping 10, GenuineIntel
TMP=C:\Users\TICS03\AppData\Local\Temp
TEMP=C:\Users\TICS03\AppData\Local\Temp




Periodic native trim disabled

---------------  S Y S T E M  ---------------

OS:
 Windows 11 , 64 bit Build 26100 (10.0.26100.7019)
OS uptime: 0 days 16:20 hours
Hyper-V role detected

CPU: total 8 (initial active 8) (4 cores per cpu, 2 threads per core) family 6 model 142 stepping 10 microcode 0xe0, cx8, cmov, fxsr, ht, mmx, 3dnowpref, sse, sse2, sse3, ssse3, sse4.1, sse4.2, popcnt, lzcnt, tsc, tscinvbit, avx, avx2, aes, erms, clmul, bmi1, bmi2, adx, fma, vzeroupper, clflush, clflushopt, hv, rdtscp, f16c
Processor Information for all 8 processors :
  Max Mhz: 1801, Current Mhz: 1801, Mhz Limit: 1801

Memory: 4k page, system-wide physical 16285M (3067M free)
TotalPageFile size 20050M (AvailPageFile size 252M)
current process WorkingSet (physical memory assigned to process): 12M, peak: 12M
current process commit charge ("private bytes"): 60M, peak: 316M

vm_info: Java HotSpot(TM) 64-Bit Server VM (21.0.2+13-LTS-58) for windows-amd64 JRE (21.0.2+13-LTS-58), built on 2024-01-05T18:32:24Z by "mach5one" with MS VC++ 17.1 (VS2022)

END.
